<?xml version="1.0" encoding="UTF-8"?>
<!-- Generated by org.testng.reporters.JUnitReportReporter -->
<testsuite skipped="0" hostname="NETANELAD-LAP-HZ" name="tests.Test004" tests="2" failures="0" timestamp="2020-11-05T13:44:21 IST" time="4.014" errors="0">
  <testcase name="testEmailOnly" time="2.560" classname="tests.Test004"/>
  <system-out/>
  <testcase name="testPasswordOnly" time="1.454" classname="tests.Test004"/>
  <system-out/>
</testsuite> <!-- tests.Test004 -->
