<?xml version="1.0" encoding="UTF-8"?>
<!-- Generated by org.testng.reporters.JUnitReportReporter -->
<testsuite skipped="0" hostname="NETANELAD-LAP-HZ" name="tests.Test003" tests="5" failures="0" timestamp="2020-11-05T13:44:21 IST" time="7.138" errors="0">
  <testcase name="testExtendMoreCatagories1" time="3.280" classname="tests.Test003"/>
  <system-out/>
  <testcase name="testExtendMoreCatagories2" time="1.038" classname="tests.Test003"/>
  <system-out/>
  <testcase name="testExtendMoreAppleBrand" time="0.913" classname="tests.Test003"/>
  <system-out/>
  <testcase name="testExtendMoreHeelixFoot" time="0.950" classname="tests.Test003"/>
  <system-out/>
  <testcase name="testExtendMoreConformerOrthotics" time="0.957" classname="tests.Test003"/>
  <system-out/>
</testsuite> <!-- tests.Test003 -->
