<?xml version="1.0" encoding="UTF-8"?>
<!-- Generated by org.testng.reporters.JUnitReportReporter -->
<testsuite skipped="0" hostname="NETANELAD-LAP-HZ" name="tests.Test006" tests="1" failures="0" timestamp="2020-11-05T14:25:26 IST" time="1.355" errors="0">
  <testcase name="testDisscount" time="1.355" classname="tests.Test006"/>
  <system-out/>
</testsuite> <!-- tests.Test006 -->
