<?xml version="1.0" encoding="UTF-8"?>
<!-- Generated by org.testng.reporters.JUnitReportReporter -->
<testsuite skipped="0" hostname="NETANELAD-LAP-HZ" name="tests.Test008" tests="4" failures="0" timestamp="2020-11-05T14:25:26 IST" time="19.442" errors="0">
  <testcase name="testCartForQuantity" time="2.757" classname="tests.Test008"/>
  <system-out/>
  <testcase name="testCartUpdate" time="1.418" classname="tests.Test008"/>
  <system-out/>
  <testcase name="testCheckOut" time="13.757" classname="tests.Test008"/>
  <system-out/>
  <testcase name="testRemoveProduct" time="1.510" classname="tests.Test008"/>
  <system-out/>
</testsuite> <!-- tests.Test008 -->
