<?xml version="1.0" encoding="UTF-8"?>
<!-- Generated by org.testng.reporters.JUnitReportReporter -->
<testsuite skipped="0" hostname="NETANELAD-LAP-HZ" name="tests.Test005" tests="1" failures="0" timestamp="2020-11-05T13:44:21 IST" time="2.711" errors="0">
  <testcase name="testSearchBar" time="2.711" classname="tests.Test005"/>
  <system-out/>
</testsuite> <!-- tests.Test005 -->
