<?xml version="1.0" encoding="UTF-8"?>
<!-- Generated by org.testng.reporters.JUnitReportReporter -->
<testsuite skipped="0" hostname="NETANELAD-LAP-HZ" name="tests.Test010" tests="4" failures="0" timestamp="2020-11-05T14:25:26 IST" time="36.018" errors="0">
  <testcase name="testRefundPolicy" time="31.485" classname="tests.Test010"/>
  <system-out/>
  <testcase name="testShippingPolicy" time="2.495" classname="tests.Test010"/>
  <system-out/>
  <testcase name="testPrivacyPolicy" time="0.534" classname="tests.Test010"/>
  <system-out/>
  <testcase name="testTermsOfService" time="1.504" classname="tests.Test010"/>
  <system-out/>
</testsuite> <!-- tests.Test010 -->
