<?xml version="1.0" encoding="UTF-8"?>
<!-- Generated by org.testng.reporters.JUnitReportReporter -->
<testsuite skipped="0" hostname="NETANELAD-LAP-HZ" name="tests.Test002" tests="1" failures="0" timestamp="2020-11-05T14:25:26 IST" time="4.466" errors="0">
  <testcase name="testRegisterToNewsletter" time="4.466" classname="tests.Test002"/>
  <system-out/>
</testsuite> <!-- tests.Test002 -->
