<?xml version="1.0" encoding="UTF-8"?>
<!-- Generated by org.testng.reporters.JUnitReportReporter -->
<testsuite skipped="0" hostname="NETANELAD-LAP-HZ" name="tests.Test001" tests="2" failures="0" timestamp="2020-11-05T14:26:05 IST" time="3.037" errors="0">
  <testcase name="testCategoryView" time="2.082" classname="tests.Test001"/>
  <system-out/>
  <testcase name="testProductView" time="0.955" classname="tests.Test001"/>
  <system-out/>
</testsuite> <!-- tests.Test001 -->
