<?xml version="1.0" encoding="UTF-8"?>
<!-- Generated by org.testng.reporters.JUnitReportReporter -->
<testsuite skipped="0" hostname="NETANELAD-LAP-HZ" name="tests.Test007" tests="3" failures="0" timestamp="2020-11-05T15:00:25 IST" time="4.342" errors="0">
  <testcase name="testCartForProduct" time="4.284" classname="tests.Test007"/>
  <system-out/>
  <testcase name="testCartForSize" time="0.023" classname="tests.Test007"/>
  <system-out/>
  <testcase name="testCartForQuantity" time="0.035" classname="tests.Test007"/>
  <system-out/>
</testsuite> <!-- tests.Test007 -->
