<?xml version="1.0" encoding="UTF-8"?>
<!-- Generated by org.testng.reporters.JUnitReportReporter -->
<testsuite skipped="0" hostname="NETANELAD-LAP-HZ" name="tests.Test009" tests="7" failures="0" timestamp="2020-11-05T14:25:26 IST" time="42.025" errors="0">
  <testcase name="testEmailOrMobile" time="10.259" classname="tests.Test009"/>
  <system-out/>
  <testcase name="testState" time="3.059" classname="tests.Test009"/>
  <system-out/>
  <testcase name="testFirstName" time="9.817" classname="tests.Test009"/>
  <system-out/>
  <testcase name="testLastName" time="3.242" classname="tests.Test009"/>
  <system-out/>
  <testcase name="testAddress" time="7.842" classname="tests.Test009"/>
  <system-out/>
  <testcase name="testCity" time="3.549" classname="tests.Test009"/>
  <system-out/>
  <testcase name="testZIPCode" time="4.257" classname="tests.Test009"/>
  <system-out/>
</testsuite> <!-- tests.Test009 -->
